<?xml version="1.0" encoding="UTF-8"?>
<coverage generated="1656303648253" clover="3.2.0">
  <project timestamp="1656303648254" name="All files">
    <metrics statements="9" coveredstatements="5" conditionals="0" coveredconditionals="0" methods="5" coveredmethods="1" elements="14" coveredelements="6" complexity="0" loc="9" ncloc="9" packages="1" files="1" classes="1"/>
    <file name="Employee.js" path="/Users/Mateo/Desktop/GitHub/TeamProfileGenerator/lib/Employee.js">
      <metrics statements="9" coveredstatements="5" conditionals="0" coveredconditionals="0" methods="5" coveredmethods="1"/>
      <line num="3" count="2" type="stmt"/>
      <line num="4" count="2" type="stmt"/>
      <line num="5" count="2" type="stmt"/>
      <line num="6" count="2" type="stmt"/>
      <line num="10" count="0" type="stmt"/>
      <line num="18" count="0" type="stmt"/>
      <line num="26" count="0" type="stmt"/>
      <line num="33" count="0" type="stmt"/>
      <line num="39" count="1" type="stmt"/>
    </file>
  </project>
</coverage>
