<?xml version="1.0" encoding="UTF-8"?>
<coverage generated="1656307810923" clover="3.2.0">
  <project timestamp="1656307810923" name="All files">
    <metrics statements="30" coveredstatements="20" conditionals="0" coveredconditionals="0" methods="14" coveredmethods="4" elements="44" coveredelements="24" complexity="0" loc="30" ncloc="30" packages="1" files="4" classes="4"/>
    <file name="Employee.js" path="/Users/Mateo/Desktop/GitHub/TeamProfileGenerator/lib/Employee.js">
      <metrics statements="9" coveredstatements="5" conditionals="0" coveredconditionals="0" methods="5" coveredmethods="1"/>
      <line num="3" count="15" type="stmt"/>
      <line num="4" count="15" type="stmt"/>
      <line num="5" count="15" type="stmt"/>
      <line num="6" count="15" type="stmt"/>
      <line num="10" count="0" type="stmt"/>
      <line num="18" count="0" type="stmt"/>
      <line num="26" count="0" type="stmt"/>
      <line num="33" count="0" type="stmt"/>
      <line num="39" count="4" type="stmt"/>
    </file>
    <file name="Engineer.js" path="/Users/Mateo/Desktop/GitHub/TeamProfileGenerator/lib/Engineer.js">
      <metrics statements="7" coveredstatements="5" conditionals="0" coveredconditionals="0" methods="3" coveredmethods="1"/>
      <line num="1" count="1" type="stmt"/>
      <line num="5" count="5" type="stmt"/>
      <line num="6" count="5" type="stmt"/>
      <line num="7" count="5" type="stmt"/>
      <line num="10" count="0" type="stmt"/>
      <line num="14" count="0" type="stmt"/>
      <line num="19" count="1" type="stmt"/>
    </file>
    <file name="Intern.js" path="/Users/Mateo/Desktop/GitHub/TeamProfileGenerator/lib/Intern.js">
      <metrics statements="7" coveredstatements="5" conditionals="0" coveredconditionals="0" methods="3" coveredmethods="1"/>
      <line num="1" count="1" type="stmt"/>
      <line num="5" count="3" type="stmt"/>
      <line num="6" count="3" type="stmt"/>
      <line num="7" count="3" type="stmt"/>
      <line num="11" count="0" type="stmt"/>
      <line num="15" count="0" type="stmt"/>
      <line num="20" count="1" type="stmt"/>
    </file>
    <file name="Manager.js" path="/Users/Mateo/Desktop/GitHub/TeamProfileGenerator/lib/Manager.js">
      <metrics statements="7" coveredstatements="5" conditionals="0" coveredconditionals="0" methods="3" coveredmethods="1"/>
      <line num="1" count="1" type="stmt"/>
      <line num="5" count="3" type="stmt"/>
      <line num="6" count="3" type="stmt"/>
      <line num="7" count="3" type="stmt"/>
      <line num="10" count="0" type="stmt"/>
      <line num="14" count="0" type="stmt"/>
      <line num="19" count="1" type="stmt"/>
    </file>
  </project>
</coverage>
